0 info it worked if it ends with ok
1 verbose cli [ 'C:\\Program Files\\nodejs\\node.exe',
1 verbose cli   'C:\\Program Files\\nodejs\\node_modules\\npm\\bin\\npm-cli.js',
1 verbose cli   'install' ]
2 info using npm@2.15.8
3 info using node@v4.4.7
4 verbose readDependencies loading dependencies from D:\Development\react-hello\package.json
5 warn package.json react-hello@1.0.0 No description
6 warn package.json react-hello@1.0.0 No repository field.
7 warn package.json react-hello@1.0.0 No README data
8 verbose install where, deps [ 'D:\\Development\\react-hello',
8 verbose install   [ 'fsevents',
8 verbose install     'react',
8 verbose install     'react-bootstrap',
8 verbose install     'react-dom',
8 verbose install     'react-router-dom' ] ]
9 verbose install where, peers [ 'D:\\Development\\react-hello', [] ]
10 verbose installManyTop reading for lifecycle D:\Development\react-hello\package.json
11 info preinstall react-hello@1.0.0
12 verbose installManyTop reading scoped package data from D:\Development\react-hello\node_modules\react\package.json
13 verbose installManyTop reading scoped package data from D:\Development\react-hello\node_modules\react-bootstrap\package.json
14 verbose installManyTop reading scoped package data from D:\Development\react-hello\node_modules\react-dom\package.json
15 verbose installManyTop reading scoped package data from D:\Development\react-hello\node_modules\react-router-dom\package.json
16 verbose readDependencies loading dependencies from D:\Development\react-hello\package.json
17 verbose targetResolver reading package data from D:\Development\react-hello\node_modules\react\package.json
18 verbose targetResolver reading package data from D:\Development\react-hello\node_modules\react-bootstrap\package.json
19 verbose targetResolver reading package data from D:\Development\react-hello\node_modules\react-dom\package.json
20 verbose targetResolver reading package data from D:\Development\react-hello\node_modules\react-router-dom\package.json
21 silly cache add args [ 'fsevents@^1.1.2', null ]
22 verbose cache add spec fsevents@^1.1.2
23 silly cache add parsed spec Result {
23 silly cache add   raw: 'fsevents@^1.1.2',
23 silly cache add   scope: null,
23 silly cache add   name: 'fsevents',
23 silly cache add   rawSpec: '^1.1.2',
23 silly cache add   spec: '>=1.1.2 <2.0.0',
23 silly cache add   type: 'range' }
24 silly addNamed fsevents@>=1.1.2 <2.0.0
25 verbose addNamed ">=1.1.2 <2.0.0" is a valid semver range for fsevents
26 silly addNameRange { name: 'fsevents', range: '>=1.1.2 <2.0.0', hasData: false }
27 silly mapToRegistry name fsevents
28 silly mapToRegistry using default registry
29 silly mapToRegistry registry http://registry.npmjs.org/
30 silly mapToRegistry data Result {
30 silly mapToRegistry   raw: 'fsevents',
30 silly mapToRegistry   scope: null,
30 silly mapToRegistry   name: 'fsevents',
30 silly mapToRegistry   rawSpec: '',
30 silly mapToRegistry   spec: 'latest',
30 silly mapToRegistry   type: 'tag' }
31 silly mapToRegistry uri http://registry.npmjs.org/fsevents
32 verbose addNameRange registry:http://registry.npmjs.org/fsevents not in flight; fetching
33 verbose already installed skipping react@^15.6.1 D:\Development\react-hello
34 verbose already installed skipping react-bootstrap@^0.31.0 D:\Development\react-hello
35 verbose already installed skipping react-dom@^15.6.1 D:\Development\react-hello
36 verbose already installed skipping react-router-dom@^4.1.1 D:\Development\react-hello
37 verbose request uri http://registry.npmjs.org/fsevents
38 verbose request no auth needed
39 info attempt registry request try #1 at 2:45:26 PM
40 verbose request id 534328a39e762410
41 verbose etag W/"597215e7-dd9a"
42 verbose lastModified Fri, 21 Jul 2017 14:55:35 GMT
43 http request GET http://registry.npmjs.org/fsevents
44 http 304 http://registry.npmjs.org/fsevents
45 verbose headers { date: 'Mon, 14 Aug 2017 09:15:26 GMT',
45 verbose headers   etag: 'W/"597215e7-dd9a"',
45 verbose headers   'cache-control': 'max-age=300',
45 verbose headers   vary: 'Accept-Encoding, Accept',
45 verbose headers   connection: 'close',
45 verbose headers   via: '1.1 PUNCDC' }
46 silly get cb [ 304,
46 silly get   { date: 'Mon, 14 Aug 2017 09:15:26 GMT',
46 silly get     etag: 'W/"597215e7-dd9a"',
46 silly get     'cache-control': 'max-age=300',
46 silly get     vary: 'Accept-Encoding, Accept',
46 silly get     connection: 'close',
46 silly get     via: '1.1 PUNCDC' } ]
47 verbose etag http://registry.npmjs.org/fsevents from cache
48 verbose get saving fsevents to C:\Users\585728\AppData\Roaming\npm-cache\registry.npmjs.org\fsevents\.cache.json
49 verbose correctMkdir C:\Users\585728\AppData\Roaming\npm-cache correctMkdir not in flight; initializing
50 silly addNameRange number 2 { name: 'fsevents', range: '>=1.1.2 <2.0.0', hasData: true }
51 silly addNameRange versions [ 'fsevents',
51 silly addNameRange   [ '0.1.1',
51 silly addNameRange     '0.1.3',
51 silly addNameRange     '0.1.4',
51 silly addNameRange     '0.1.5',
51 silly addNameRange     '0.1.6',
51 silly addNameRange     '0.2.0',
51 silly addNameRange     '0.3.0',
51 silly addNameRange     '0.3.1',
51 silly addNameRange     '0.3.2',
51 silly addNameRange     '0.3.3',
51 silly addNameRange     '0.3.4',
51 silly addNameRange     '0.3.5',
51 silly addNameRange     '0.3.6',
51 silly addNameRange     '0.3.7',
51 silly addNameRange     '0.3.8',
51 silly addNameRange     '1.0.0',
51 silly addNameRange     '1.0.1',
51 silly addNameRange     '1.0.2',
51 silly addNameRange     '1.0.3',
51 silly addNameRange     '1.0.4',
51 silly addNameRange     '1.0.5',
51 silly addNameRange     '1.0.6',
51 silly addNameRange     '1.0.7',
51 silly addNameRange     '1.0.8',
51 silly addNameRange     '1.0.9',
51 silly addNameRange     '1.0.10',
51 silly addNameRange     '1.0.11',
51 silly addNameRange     '1.0.12',
51 silly addNameRange     '1.0.14',
51 silly addNameRange     '1.0.15',
51 silly addNameRange     '1.0.17',
51 silly addNameRange     '1.0.18-0',
51 silly addNameRange     '1.1.0',
51 silly addNameRange     '1.1.1',
51 silly addNameRange     '1.1.2' ] ]
52 silly addNamed fsevents@1.1.2
53 verbose addNamed "1.1.2" is a plain semver version for fsevents
54 silly cache afterAdd fsevents@1.1.2
55 verbose afterAdd C:\Users\585728\AppData\Roaming\npm-cache\fsevents\1.1.2\package\package.json not in flight; writing
56 verbose correctMkdir C:\Users\585728\AppData\Roaming\npm-cache correctMkdir not in flight; initializing
57 verbose afterAdd C:\Users\585728\AppData\Roaming\npm-cache\fsevents\1.1.2\package\package.json written
58 silly install resolved [ { name: 'fsevents',
58 silly install resolved     version: '1.1.2',
58 silly install resolved     description: 'Native Access to Mac OS-X FSEvents',
58 silly install resolved     main: 'fsevents.js',
58 silly install resolved     dependencies: { nan: '^2.3.0', 'node-pre-gyp': '^0.6.36' },
58 silly install resolved     os: [ 'darwin' ],
58 silly install resolved     engines: { node: '>=0.8.0' },
58 silly install resolved     scripts:
58 silly install resolved      { install: 'node install',
58 silly install resolved        prepublish: 'if [ $(npm -v | head -c 1) -lt 3 ]; then exit 1; fi && npm dedupe',
58 silly install resolved        test: 'tap ./test',
58 silly install resolved        'node-pre-gyp': 'node-pre-gyp' },
58 silly install resolved     binary:
58 silly install resolved      { module_name: 'fse',
58 silly install resolved        module_path: './lib/binding/{configuration}/{node_abi}-{platform}-{arch}/',
58 silly install resolved        remote_path: './v{version}/',
58 silly install resolved        package_name: '{module_name}-v{version}-{node_abi}-{platform}-{arch}.tar.gz',
58 silly install resolved        host: 'https://fsevents-binaries.s3-us-west-2.amazonaws.com' },
58 silly install resolved     repository:
58 silly install resolved      { type: 'git',
58 silly install resolved        url: 'git+https://github.com/strongloop/fsevents.git' },
58 silly install resolved     keywords: [ 'fsevents', 'mac' ],
58 silly install resolved     author: { name: 'Philipp Dunkel', email: 'pip@pipobscure.com' },
58 silly install resolved     license: 'MIT',
58 silly install resolved     bugs: { url: 'https://github.com/strongloop/fsevents/issues' },
58 silly install resolved     homepage: 'https://github.com/strongloop/fsevents',
58 silly install resolved     devDependencies: { tap: '~0.4.8' },
58 silly install resolved     gitHead: '8eef8715dd4ee62dcf082b1151ed10a00bf5cc0c',
58 silly install resolved     bundleDependencies: [ 'node-pre-gyp' ],
58 silly install resolved     _id: 'fsevents@1.1.2',
58 silly install resolved     _npmVersion: '5.0.1',
58 silly install resolved     _nodeVersion: '6.10.2',
58 silly install resolved     _npmUser: { name: 'es128', email: 'elan.shanker+npm@gmail.com' },
58 silly install resolved     dist:
58 silly install resolved      { integrity: 'sha512-Sn44E5wQW4bTHXvQmvSHwqbuiXtduD6Rrjm2ZtUEGbyrig+nUH3t/QD4M4/ZXViY556TBpRgZkHLDx3JxPwxiw==',
58 silly install resolved        shasum: '3282b713fb3ad80ede0e9fcf4611b5aa6fc033f4',
58 silly install resolved        tarball: 'https://registry.npmjs.org/fsevents/-/fsevents-1.1.2.tgz' },
58 silly install resolved     maintainers: [ [Object] ],
58 silly install resolved     _npmOperationalInternal:
58 silly install resolved      { host: 's3://npm-registry-packages',
58 silly install resolved        tmp: 'tmp/fsevents-1.1.2.tgz_1497328838670_0.9853602922521532' },
58 silly install resolved     directories: {},
58 silly install resolved     _shasum: '3282b713fb3ad80ede0e9fcf4611b5aa6fc033f4',
58 silly install resolved     _resolved: 'https://registry.npmjs.org/fsevents/-/fsevents-1.1.2.tgz',
58 silly install resolved     _from: 'fsevents@>=1.1.2 <2.0.0',
58 silly install resolved     readme: 'ERROR: No README data found!' } ]
59 info install fsevents@1.1.2 into D:\Development\react-hello
60 info installOne fsevents@1.1.2
61 verbose installOne of fsevents to D:\Development\react-hello not in flight; installing
62 verbose correctMkdir C:\Users\585728\AppData\Roaming\npm-cache\_locks correctMkdir not in flight; initializing
63 verbose lock using C:\Users\585728\AppData\Roaming\npm-cache\_locks\fsevents-f51e8f0028bccb6e.lock for D:\Development\react-hello\node_modules\fsevents
64 verbose unlock done using C:\Users\585728\AppData\Roaming\npm-cache\_locks\fsevents-f51e8f0028bccb6e.lock for D:\Development\react-hello\node_modules\fsevents
65 verbose stack Error: Unsupported
65 verbose stack     at checkPlatform (C:\Program Files\nodejs\node_modules\npm\node_modules\npm-install-checks\index.js:47:14)
65 verbose stack     at Array.<anonymous> (C:\Program Files\nodejs\node_modules\npm\node_modules\slide\lib\bind-actor.js:15:8)
65 verbose stack     at LOOP (C:\Program Files\nodejs\node_modules\npm\node_modules\slide\lib\chain.js:15:14)
65 verbose stack     at C:\Program Files\nodejs\node_modules\npm\node_modules\slide\lib\chain.js:18:7
65 verbose stack     at checkEngine (C:\Program Files\nodejs\node_modules\npm\node_modules\npm-install-checks\index.js:26:10)
65 verbose stack     at Array.<anonymous> (C:\Program Files\nodejs\node_modules\npm\node_modules\slide\lib\bind-actor.js:15:8)
65 verbose stack     at LOOP (C:\Program Files\nodejs\node_modules\npm\node_modules\slide\lib\chain.js:15:14)
65 verbose stack     at chain (C:\Program Files\nodejs\node_modules\npm\node_modules\slide\lib\chain.js:20:5)
65 verbose stack     at C:\Program Files\nodejs\node_modules\npm\lib\install.js:1038:5
65 verbose stack     at C:\Program Files\nodejs\node_modules\npm\lib\utils\locker.js:39:7
66 verbose pkgid fsevents@1.1.2
67 verbose cwd D:\Development\react-hello
68 error Windows_NT 6.1.7601
69 error argv "C:\\Program Files\\nodejs\\node.exe" "C:\\Program Files\\nodejs\\node_modules\\npm\\bin\\npm-cli.js" "install"
70 error node v4.4.7
71 error npm  v2.15.8
72 error code EBADPLATFORM
73 error notsup Unsupported
73 error notsup Not compatible with your operating system or architecture: fsevents@1.1.2
73 error notsup Valid OS:    darwin
73 error notsup Valid Arch:  any
73 error notsup Actual OS:   win32
73 error notsup Actual Arch: x64
74 verbose exit [ 1, true ]
